ERROR	2024/06/06 18:54:08 helpers.go:14: template: list.page.tmpl:16:12: executing "body" at <.Tasks>: can't evaluate field Tasks in type *main.templateData
goroutine 18 [running]:
runtime/debug.Stack()
	C:/Program Files/Go/src/runtime/debug/stack.go:24 +0x5e
main.(*application).serverError(0xc000095da0, {0xe11530, 0xc0000395c0}, {0xe0fea0?, 0xc000064900?})
	C:/Users/MohammedRinshad/Documents/to_do_list/cmd/web/helpers.go:13 +0x5d
main.(*application).render(0xc000095da0, {0xe11530, 0xc0000395c0}, 0x0?, {0xd685e4, 0xe}, 0xc0000396c0)
	C:/Users/MohammedRinshad/Documents/to_do_list/cmd/web/helpers.go:48 +0xd9
main.(*application).home(0xc000095da0, {0xe11530, 0xc0000395c0}, 0xc00012cd80)
	C:/Users/MohammedRinshad/Documents/to_do_list/cmd/web/handlers.go:50 +0x10c
net/http.HandlerFunc.ServeHTTP(0xc00012c7e0?, {0xe11530?, 0xc0000395c0?}, 0xa0c5f1?)
	C:/Program Files/Go/src/net/http/server.go:2166 +0x29
github.com/golangcollege/sessions.(*Session).Enable-fm.(*Session).Enable.func1({0xe11680, 0xc00015a000}, 0xc00012c7e0)
	C:/Users/MohammedRinshad/go/pkg/mod/github.com/golangcollege/sessions@v1.2.0/session.go:155 +0x14c
net/http.HandlerFunc.ServeHTTP(0xc000095e60?, {0xe11680?, 0xc00015a000?}, 0x3?)
	C:/Program Files/Go/src/net/http/server.go:2166 +0x29
github.com/bmizerany/pat.(*PatternServeMux).ServeHTTP(0xc0000a42e8, {0xe11680, 0xc00015a000}, 0xc00012c7e0)
	C:/Users/MohammedRinshad/go/pkg/mod/github.com/bmizerany/pat@v0.0.0-20210406213842-e4b6760bdd6f/mux.go:117 +0x191
main.secureHeaders.func1({0xe11680, 0xc00015a000}, 0xc00012c7e0)
	C:/Users/MohammedRinshad/Documents/to_do_list/cmd/web/middleware.go:13 +0x19b
net/http.HandlerFunc.ServeHTTP(0xc00000a4c0?, {0xe11680?, 0xc00015a000?}, 0xc000033a60?)
	C:/Program Files/Go/src/net/http/server.go:2166 +0x29
main.(*application).logRequest-fm.(*application).logRequest.func1({0xe11680, 0xc00015a000}, 0xc00012c7e0)
	C:/Users/MohammedRinshad/Documents/to_do_list/cmd/web/middleware.go:20 +0x150
net/http.HandlerFunc.ServeHTTP(0x10?, {0xe11680?, 0xc00015a000?}, 0x98e337?)
	C:/Program Files/Go/src/net/http/server.go:2166 +0x29
main.(*application).recoverPanic-fm.(*application).recoverPanic.func1({0xe11680?, 0xc00015a000?}, 0x9efcaf?)
	C:/Users/MohammedRinshad/Documents/to_do_list/cmd/web/middleware.go:66 +0x7c
net/http.HandlerFunc.ServeHTTP(0x989139?, {0xe11680?, 0xc00015a000?}, 0xc000033b68?)
	C:/Program Files/Go/src/net/http/server.go:2166 +0x29
net/http.serverHandler.ServeHTTP({0xc00002b7d0?}, {0xe11680?, 0xc00015a000?}, 0x6?)
	C:/Program Files/Go/src/net/http/server.go:3137 +0x8e
net/http.(*conn).serve(0xc000092090, {0xe11e98, 0xc0000d83c0})
	C:/Program Files/Go/src/net/http/server.go:2039 +0x5e8
created by net/http.(*Server).Serve in goroutine 1
	C:/Program Files/Go/src/net/http/server.go:3285 +0x4b4

ERROR	2024/06/06 19:54:05 helpers.go:14: Error 1064 (42000): You have an error in your SQL syntax; check the manual that corresponds to your MySQL server version for the right syntax to use near '?' at line 1
goroutine 19 [running]:
runtime/debug.Stack()
	C:/Program Files/Go/src/runtime/debug/stack.go:24 +0x5e
main.(*application).serverError(0xc0000da900, {0xce5390, 0xc0000bb880}, {0xce3600?, 0xc0002ffec0?})
	C:/Users/MohammedRinshad/Documents/to_do_list/cmd/web/helpers.go:13 +0x5d
main.(*application).loginUser(0xc0000da900, {0xce5390, 0xc0000bb880}, 0xc0002005a0)
	C:/Users/MohammedRinshad/Documents/to_do_list/cmd/web/handlers.go:239 +0x1bf
net/http.HandlerFunc.ServeHTTP(0xc000200480?, {0xce5390?, 0xc0000bb880?}, 0x8dc5f1?)
	C:/Program Files/Go/src/net/http/server.go:2166 +0x29
github.com/golangcollege/sessions.(*Session).Enable-fm.(*Session).Enable.func1({0xce54e0, 0xc0000fa0e0}, 0xc000200480)
	C:/Users/MohammedRinshad/go/pkg/mod/github.com/golangcollege/sessions@v1.2.0/session.go:155 +0x14c
net/http.HandlerFunc.ServeHTTP(0xc0000daba0?, {0xce54e0?, 0xc0000fa0e0?}, 0x4?)
	C:/Program Files/Go/src/net/http/server.go:2166 +0x29
github.com/bmizerany/pat.(*PatternServeMux).ServeHTTP(0xc0000a4408, {0xce54e0, 0xc0000fa0e0}, 0xc000200480)
	C:/Users/MohammedRinshad/go/pkg/mod/github.com/bmizerany/pat@v0.0.0-20210406213842-e4b6760bdd6f/mux.go:117 +0x191
main.secureHeaders.func1({0xce54e0, 0xc0000fa0e0}, 0xc000200480)
	C:/Users/MohammedRinshad/Documents/to_do_list/cmd/web/middleware.go:13 +0x19b
net/http.HandlerFunc.ServeHTTP(0xc00008a960?, {0xce54e0?, 0xc0000fa0e0?}, 0xc000175a60?)
	C:/Program Files/Go/src/net/http/server.go:2166 +0x29
main.(*application).logRequest-fm.(*application).logRequest.func1({0xce54e0, 0xc0000fa0e0}, 0xc000200480)
	C:/Users/MohammedRinshad/Documents/to_do_list/cmd/web/middleware.go:20 +0x150
net/http.HandlerFunc.ServeHTTP(0x801c7b?, {0xce54e0?, 0xc0000fa0e0?}, 0xc000175b38?)
	C:/Program Files/Go/src/net/http/server.go:2166 +0x29
main.(*application).recoverPanic-fm.(*application).recoverPanic.func1({0xce54e0?, 0xc0000fa0e0?}, 0x0?)
	C:/Users/MohammedRinshad/Documents/to_do_list/cmd/web/middleware.go:66 +0x7c
net/http.HandlerFunc.ServeHTTP(0x802025?, {0xce54e0?, 0xc0000fa0e0?}, 0xc0000fa001?)
	C:/Program Files/Go/src/net/http/server.go:2166 +0x29
net/http.serverHandler.ServeHTTP({0xce4378?}, {0xce54e0?, 0xc0000fa0e0?}, 0x6?)
	C:/Program Files/Go/src/net/http/server.go:3137 +0x8e
net/http.(*conn).serve(0xc000092120, {0xce5cf8, 0xc0000daea0})
	C:/Program Files/Go/src/net/http/server.go:2039 +0x5e8
created by net/http.(*Server).Serve in goroutine 1
	C:/Program Files/Go/src/net/http/server.go:3285 +0x4b4

ERROR	2024/06/06 19:55:55 helpers.go:14: Error 1064 (42000): You have an error in your SQL syntax; check the manual that corresponds to your MySQL server version for the right syntax to use near '?' at line 1
goroutine 18 [running]:
runtime/debug.Stack()
	C:/Program Files/Go/src/runtime/debug/stack.go:24 +0x5e
main.(*application).serverError(0xc0000da900, {0x12a5370, 0xc000308640}, {0x12a35e0?, 0xc0002c7bc0?})
	C:/Users/MohammedRinshad/Documents/to_do_list/cmd/web/helpers.go:13 +0x5d
main.(*application).loginUser(0xc0000da900, {0x12a5370, 0xc000308640}, 0xc0002f9200)
	C:/Users/MohammedRinshad/Documents/to_do_list/cmd/web/handlers.go:239 +0x1bf
net/http.HandlerFunc.ServeHTTP(0xc0002f90e0?, {0x12a5370?, 0xc000308640?}, 0xe9c5f1?)
	C:/Program Files/Go/src/net/http/server.go:2166 +0x29
github.com/golangcollege/sessions.(*Session).Enable-fm.(*Session).Enable.func1({0x12a54c0, 0xc000228460}, 0xc0002f90e0)
	C:/Users/MohammedRinshad/go/pkg/mod/github.com/golangcollege/sessions@v1.2.0/session.go:155 +0x14c
net/http.HandlerFunc.ServeHTTP(0xc0000daba0?, {0x12a54c0?, 0xc000228460?}, 0x4?)
	C:/Program Files/Go/src/net/http/server.go:2166 +0x29
github.com/bmizerany/pat.(*PatternServeMux).ServeHTTP(0xc0000a4408, {0x12a54c0, 0xc000228460}, 0xc0002f90e0)
	C:/Users/MohammedRinshad/go/pkg/mod/github.com/bmizerany/pat@v0.0.0-20210406213842-e4b6760bdd6f/mux.go:117 +0x191
main.secureHeaders.func1({0x12a54c0, 0xc000228460}, 0xc0002f90e0)
	C:/Users/MohammedRinshad/Documents/to_do_list/cmd/web/middleware.go:13 +0x19b
net/http.HandlerFunc.ServeHTTP(0xc0002da828?, {0x12a54c0?, 0xc000228460?}, 0xc0000fba60?)
	C:/Program Files/Go/src/net/http/server.go:2166 +0x29
main.(*application).logRequest-fm.(*application).logRequest.func1({0x12a54c0, 0xc000228460}, 0xc0002f90e0)
	C:/Users/MohammedRinshad/Documents/to_do_list/cmd/web/middleware.go:20 +0x150
net/http.HandlerFunc.ServeHTTP(0xdc1c7b?, {0x12a54c0?, 0xc000228460?}, 0xc0000fbb38?)
	C:/Program Files/Go/src/net/http/server.go:2166 +0x29
main.(*application).recoverPanic-fm.(*application).recoverPanic.func1({0x12a54c0?, 0xc000228460?}, 0x0?)
	C:/Users/MohammedRinshad/Documents/to_do_list/cmd/web/middleware.go:66 +0x7c
net/http.HandlerFunc.ServeHTTP(0xdc2025?, {0x12a54c0?, 0xc000228460?}, 0xc000228401?)
	C:/Program Files/Go/src/net/http/server.go:2166 +0x29
net/http.serverHandler.ServeHTTP({0x12a4358?}, {0x12a54c0?, 0xc000228460?}, 0x6?)
	C:/Program Files/Go/src/net/http/server.go:3137 +0x8e
net/http.(*conn).serve(0xc000092090, {0x12a5cd8, 0xc0000daea0})
	C:/Program Files/Go/src/net/http/server.go:2039 +0x5e8
created by net/http.(*Server).Serve in goroutine 1
	C:/Program Files/Go/src/net/http/server.go:3285 +0x4b4

ERROR	2024/06/06 19:56:13 helpers.go:14: Error 1064 (42000): You have an error in your SQL syntax; check the manual that corresponds to your MySQL server version for the right syntax to use near '?' at line 1
goroutine 18 [running]:
runtime/debug.Stack()
	C:/Program Files/Go/src/runtime/debug/stack.go:24 +0x5e
main.(*application).serverError(0xc0000da900, {0x12a5370, 0xc000308b80}, {0x12a35e0?, 0xc0001b03d8?})
	C:/Users/MohammedRinshad/Documents/to_do_list/cmd/web/helpers.go:13 +0x5d
main.(*application).loginUser(0xc0000da900, {0x12a5370, 0xc000308b80}, 0xc0002f97a0)
	C:/Users/MohammedRinshad/Documents/to_do_list/cmd/web/handlers.go:239 +0x1bf
net/http.HandlerFunc.ServeHTTP(0xc0002f9680?, {0x12a5370?, 0xc000308b80?}, 0xe9c5f1?)
	C:/Program Files/Go/src/net/http/server.go:2166 +0x29
github.com/golangcollege/sessions.(*Session).Enable-fm.(*Session).Enable.func1({0x12a54c0, 0xc000228700}, 0xc0002f9680)
	C:/Users/MohammedRinshad/go/pkg/mod/github.com/golangcollege/sessions@v1.2.0/session.go:155 +0x14c
net/http.HandlerFunc.ServeHTTP(0xc0000daba0?, {0x12a54c0?, 0xc000228700?}, 0x4?)
	C:/Program Files/Go/src/net/http/server.go:2166 +0x29
github.com/bmizerany/pat.(*PatternServeMux).ServeHTTP(0xc0000a4408, {0x12a54c0, 0xc000228700}, 0xc0002f9680)
	C:/Users/MohammedRinshad/go/pkg/mod/github.com/bmizerany/pat@v0.0.0-20210406213842-e4b6760bdd6f/mux.go:117 +0x191
main.secureHeaders.func1({0x12a54c0, 0xc000228700}, 0xc0002f9680)
	C:/Users/MohammedRinshad/Documents/to_do_list/cmd/web/middleware.go:13 +0x19b
net/http.HandlerFunc.ServeHTTP(0xc0002da930?, {0x12a54c0?, 0xc000228700?}, 0xc0000fba60?)
	C:/Program Files/Go/src/net/http/server.go:2166 +0x29
main.(*application).logRequest-fm.(*application).logRequest.func1({0x12a54c0, 0xc000228700}, 0xc0002f9680)
	C:/Users/MohammedRinshad/Documents/to_do_list/cmd/web/middleware.go:20 +0x150
net/http.HandlerFunc.ServeHTTP(0xdc1c7b?, {0x12a54c0?, 0xc000228700?}, 0xc0000fbb38?)
	C:/Program Files/Go/src/net/http/server.go:2166 +0x29
main.(*application).recoverPanic-fm.(*application).recoverPanic.func1({0x12a54c0?, 0xc000228700?}, 0x0?)
	C:/Users/MohammedRinshad/Documents/to_do_list/cmd/web/middleware.go:66 +0x7c
net/http.HandlerFunc.ServeHTTP(0xdc2025?, {0x12a54c0?, 0xc000228700?}, 0xc000228701?)
	C:/Program Files/Go/src/net/http/server.go:2166 +0x29
net/http.serverHandler.ServeHTTP({0x12a4358?}, {0x12a54c0?, 0xc000228700?}, 0x6?)
	C:/Program Files/Go/src/net/http/server.go:3137 +0x8e
net/http.(*conn).serve(0xc000092090, {0x12a5cd8, 0xc0000daea0})
	C:/Program Files/Go/src/net/http/server.go:2039 +0x5e8
created by net/http.(*Server).Serve in goroutine 1
	C:/Program Files/Go/src/net/http/server.go:3285 +0x4b4

ERROR	2024/06/06 19:57:01 helpers.go:14: Error 1064 (42000): You have an error in your SQL syntax; check the manual that corresponds to your MySQL server version for the right syntax to use near '?' at line 1
goroutine 18 [running]:
runtime/debug.Stack()
	C:/Program Files/Go/src/runtime/debug/stack.go:24 +0x5e
main.(*application).serverError(0xc0000da900, {0x12a5370, 0xc000308e00}, {0x12a35e0?, 0xc000008408?})
	C:/Users/MohammedRinshad/Documents/to_do_list/cmd/web/helpers.go:13 +0x5d
main.(*application).loginUser(0xc0000da900, {0x12a5370, 0xc000308e00}, 0xc0002f99e0)
	C:/Users/MohammedRinshad/Documents/to_do_list/cmd/web/handlers.go:239 +0x1bf
net/http.HandlerFunc.ServeHTTP(0xc0002f98c0?, {0x12a5370?, 0xc000308e00?}, 0xe9c5f1?)
	C:/Program Files/Go/src/net/http/server.go:2166 +0x29
github.com/golangcollege/sessions.(*Session).Enable-fm.(*Session).Enable.func1({0x12a54c0, 0xc0002287e0}, 0xc0002f98c0)
	C:/Users/MohammedRinshad/go/pkg/mod/github.com/golangcollege/sessions@v1.2.0/session.go:155 +0x14c
net/http.HandlerFunc.ServeHTTP(0xc0000daba0?, {0x12a54c0?, 0xc0002287e0?}, 0x4?)
	C:/Program Files/Go/src/net/http/server.go:2166 +0x29
github.com/bmizerany/pat.(*PatternServeMux).ServeHTTP(0xc0000a4408, {0x12a54c0, 0xc0002287e0}, 0xc0002f98c0)
	C:/Users/MohammedRinshad/go/pkg/mod/github.com/bmizerany/pat@v0.0.0-20210406213842-e4b6760bdd6f/mux.go:117 +0x191
main.secureHeaders.func1({0x12a54c0, 0xc0002287e0}, 0xc0002f98c0)
	C:/Users/MohammedRinshad/Documents/to_do_list/cmd/web/middleware.go:13 +0x19b
net/http.HandlerFunc.ServeHTTP(0xc0002da9c0?, {0x12a54c0?, 0xc0002287e0?}, 0xc0000fba60?)
	C:/Program Files/Go/src/net/http/server.go:2166 +0x29
main.(*application).logRequest-fm.(*application).logRequest.func1({0x12a54c0, 0xc0002287e0}, 0xc0002f98c0)
	C:/Users/MohammedRinshad/Documents/to_do_list/cmd/web/middleware.go:20 +0x150
net/http.HandlerFunc.ServeHTTP(0xdc1c7b?, {0x12a54c0?, 0xc0002287e0?}, 0xc0000fbb38?)
	C:/Program Files/Go/src/net/http/server.go:2166 +0x29
main.(*application).recoverPanic-fm.(*application).recoverPanic.func1({0x12a54c0?, 0xc0002287e0?}, 0x0?)
	C:/Users/MohammedRinshad/Documents/to_do_list/cmd/web/middleware.go:66 +0x7c
net/http.HandlerFunc.ServeHTTP(0xdc2025?, {0x12a54c0?, 0xc0002287e0?}, 0xc000228701?)
	C:/Program Files/Go/src/net/http/server.go:2166 +0x29
net/http.serverHandler.ServeHTTP({0x12a4358?}, {0x12a54c0?, 0xc0002287e0?}, 0x6?)
	C:/Program Files/Go/src/net/http/server.go:3137 +0x8e
net/http.(*conn).serve(0xc000092090, {0x12a5cd8, 0xc0000daea0})
	C:/Program Files/Go/src/net/http/server.go:2039 +0x5e8
created by net/http.(*Server).Serve in goroutine 1
	C:/Program Files/Go/src/net/http/server.go:3285 +0x4b4

ERROR	2024/06/06 20:02:08 helpers.go:14: Error 1064 (42000): You have an error in your SQL syntax; check the manual that corresponds to your MySQL server version for the right syntax to use near '?' at line 1
goroutine 34 [running]:
runtime/debug.Stack()
	C:/Program Files/Go/src/runtime/debug/stack.go:24 +0x5e
main.(*application).serverError(0xc0001d2900, {0xe05370, 0xc0001b1dc0}, {0xe035e0?, 0xc00019ab40?})
	C:/Users/MohammedRinshad/Documents/to_do_list/cmd/web/helpers.go:13 +0x5d
main.(*application).loginUser(0xc0001d2900, {0xe05370, 0xc0001b1dc0}, 0xc0002c8b40)
	C:/Users/MohammedRinshad/Documents/to_do_list/cmd/web/handlers.go:239 +0x1bf
net/http.HandlerFunc.ServeHTTP(0xc0002c8a20?, {0xe05370?, 0xc0001b1dc0?}, 0x9fc5f1?)
	C:/Program Files/Go/src/net/http/server.go:2166 +0x29
github.com/golangcollege/sessions.(*Session).Enable-fm.(*Session).Enable.func1({0xe054c0, 0xc0002be380}, 0xc0002c8a20)
	C:/Users/MohammedRinshad/go/pkg/mod/github.com/golangcollege/sessions@v1.2.0/session.go:155 +0x14c
net/http.HandlerFunc.ServeHTTP(0xc0001d2ba0?, {0xe054c0?, 0xc0002be380?}, 0x4?)
	C:/Program Files/Go/src/net/http/server.go:2166 +0x29
github.com/bmizerany/pat.(*PatternServeMux).ServeHTTP(0xc00019a408, {0xe054c0, 0xc0002be380}, 0xc0002c8a20)
	C:/Users/MohammedRinshad/go/pkg/mod/github.com/bmizerany/pat@v0.0.0-20210406213842-e4b6760bdd6f/mux.go:117 +0x191
main.secureHeaders.func1({0xe054c0, 0xc0002be380}, 0xc0002c8a20)
	C:/Users/MohammedRinshad/Documents/to_do_list/cmd/web/middleware.go:13 +0x19b
net/http.HandlerFunc.ServeHTTP(0xc0001fcd50?, {0xe054c0?, 0xc0002be380?}, 0xc000135a60?)
	C:/Program Files/Go/src/net/http/server.go:2166 +0x29
main.(*application).logRequest-fm.(*application).logRequest.func1({0xe054c0, 0xc0002be380}, 0xc0002c8a20)
	C:/Users/MohammedRinshad/Documents/to_do_list/cmd/web/middleware.go:20 +0x150
net/http.HandlerFunc.ServeHTTP(0x921c7b?, {0xe054c0?, 0xc0002be380?}, 0xc000135b38?)
	C:/Program Files/Go/src/net/http/server.go:2166 +0x29
main.(*application).recoverPanic-fm.(*application).recoverPanic.func1({0xe054c0?, 0xc0002be380?}, 0x0?)
	C:/Users/MohammedRinshad/Documents/to_do_list/cmd/web/middleware.go:66 +0x7c
net/http.HandlerFunc.ServeHTTP(0x922025?, {0xe054c0?, 0xc0002be380?}, 0xc0002be301?)
	C:/Program Files/Go/src/net/http/server.go:2166 +0x29
net/http.serverHandler.ServeHTTP({0xe04358?}, {0xe054c0?, 0xc0002be380?}, 0x6?)
	C:/Program Files/Go/src/net/http/server.go:3137 +0x8e
net/http.(*conn).serve(0xc000188090, {0xe05cd8, 0xc0001d2ea0})
	C:/Program Files/Go/src/net/http/server.go:2039 +0x5e8
created by net/http.(*Server).Serve in goroutine 1
	C:/Program Files/Go/src/net/http/server.go:3285 +0x4b4

ERROR	2024/06/06 20:03:52 helpers.go:14: 0

goroutine 8 [running]:
runtime/debug.Stack()
	C:/Program Files/Go/src/runtime/debug/stack.go:24 +0x5e
main.(*application).serverError(0xc0000de720, {0xe254c0, 0xc000126380}, {0xe22d80?, 0xc00002f350?})
	C:/Users/MohammedRinshad/Documents/to_do_list/cmd/web/helpers.go:13 +0x5d
main.(*application).recoverPanic-fm.(*application).recoverPanic.func1.1()
	C:/Users/MohammedRinshad/Documents/to_do_list/cmd/web/middleware.go:63 +0xd7
panic({0xcf3a40?, 0xc00002f330?})
	C:/Program Files/Go/src/runtime/panic.go:770 +0x132
log.Panicln({0xc000207720?, 0xc0003d3320?, 0xd78377?})
	C:/Program Files/Go/src/log/log.go:446 +0x5a
main.(*application).loginUser(0xc0000de720, {0xe25370, 0xc00012ad40}, 0xc0003ccd80)
	C:/Users/MohammedRinshad/Documents/to_do_list/cmd/web/handlers.go:235 +0x1a5
net/http.HandlerFunc.ServeHTTP(0xc0003ccc60?, {0xe25370?, 0xc00012ad40?}, 0xa1c5f1?)
	C:/Program Files/Go/src/net/http/server.go:2166 +0x29
github.com/golangcollege/sessions.(*Session).Enable-fm.(*Session).Enable.func1({0xe254c0, 0xc000126380}, 0xc0003ccc60)
	C:/Users/MohammedRinshad/go/pkg/mod/github.com/golangcollege/sessions@v1.2.0/session.go:155 +0x14c
net/http.HandlerFunc.ServeHTTP(0xc0000de9c0?, {0xe254c0?, 0xc000126380?}, 0x4?)
	C:/Program Files/Go/src/net/http/server.go:2166 +0x29
github.com/bmizerany/pat.(*PatternServeMux).ServeHTTP(0xc000008528, {0xe254c0, 0xc000126380}, 0xc0003ccc60)
	C:/Users/MohammedRinshad/go/pkg/mod/github.com/bmizerany/pat@v0.0.0-20210406213842-e4b6760bdd6f/mux.go:117 +0x191
main.secureHeaders.func1({0xe254c0, 0xc000126380}, 0xc0003ccc60)
	C:/Users/MohammedRinshad/Documents/to_do_list/cmd/web/middleware.go:13 +0x19b
net/http.HandlerFunc.ServeHTTP(0xc00011fc38?, {0xe254c0?, 0xc000126380?}, 0xc000207a60?)
	C:/Program Files/Go/src/net/http/server.go:2166 +0x29
main.(*application).logRequest-fm.(*application).logRequest.func1({0xe254c0, 0xc000126380}, 0xc0003ccc60)
	C:/Users/MohammedRinshad/Documents/to_do_list/cmd/web/middleware.go:20 +0x150
net/http.HandlerFunc.ServeHTTP(0x941c7b?, {0xe254c0?, 0xc000126380?}, 0xc000207b38?)
	C:/Program Files/Go/src/net/http/server.go:2166 +0x29
main.(*application).recoverPanic-fm.(*application).recoverPanic.func1({0xe254c0?, 0xc000126380?}, 0x0?)
	C:/Users/MohammedRinshad/Documents/to_do_list/cmd/web/middleware.go:66 +0x7c
net/http.HandlerFunc.ServeHTTP(0x942025?, {0xe254c0?, 0xc000126380?}, 0xc000126301?)
	C:/Program Files/Go/src/net/http/server.go:2166 +0x29
net/http.serverHandler.ServeHTTP({0xe24358?}, {0xe254c0?, 0xc000126380?}, 0x6?)
	C:/Program Files/Go/src/net/http/server.go:3137 +0x8e
net/http.(*conn).serve(0xc0000fa000, {0xe25cd8, 0xc0000decc0})
	C:/Program Files/Go/src/net/http/server.go:2039 +0x5e8
created by net/http.(*Server).Serve in goroutine 1
	C:/Program Files/Go/src/net/http/server.go:3285 +0x4b4

ERROR	2024/06/06 20:05:15 helpers.go:14: 0

goroutine 22 [running]:
runtime/debug.Stack()
	C:/Program Files/Go/src/runtime/debug/stack.go:24 +0x5e
main.(*application).serverError(0xc0001440f0, {0x675520, 0xc0001a80e0}, {0x672de0?, 0xc0001a6d00?})
	C:/Users/MohammedRinshad/Documents/to_do_list/cmd/web/helpers.go:13 +0x5d
main.(*application).recoverPanic-fm.(*application).recoverPanic.func1.1()
	C:/Users/MohammedRinshad/Documents/to_do_list/cmd/web/middleware.go:63 +0xd7
panic({0x543a40?, 0xc0001a6ce0?})
	C:/Program Files/Go/src/runtime/panic.go:770 +0x132
log.Panicln({0xc0001d7720?, 0xc000198b26?, 0x5?})
	C:/Program Files/Go/src/log/log.go:446 +0x5a
main.(*application).loginUser(0xc0001440f0, {0x6753d0, 0xc0001ac9c0}, 0xc000184ea0)
	C:/Users/MohammedRinshad/Documents/to_do_list/cmd/web/handlers.go:235 +0x1a5
net/http.HandlerFunc.ServeHTTP(0xc000184d80?, {0x6753d0?, 0xc0001ac9c0?}, 0x26c5f1?)
	C:/Program Files/Go/src/net/http/server.go:2166 +0x29
github.com/golangcollege/sessions.(*Session).Enable-fm.(*Session).Enable.func1({0x675520, 0xc0001a80e0}, 0xc000184d80)
	C:/Users/MohammedRinshad/go/pkg/mod/github.com/golangcollege/sessions@v1.2.0/session.go:155 +0x14c
net/http.HandlerFunc.ServeHTTP(0xc000144390?, {0x675520?, 0xc0001a80e0?}, 0x4?)
	C:/Program Files/Go/src/net/http/server.go:2166 +0x29
github.com/bmizerany/pat.(*PatternServeMux).ServeHTTP(0xc000094768, {0x675520, 0xc0001a80e0}, 0xc000184d80)
	C:/Users/MohammedRinshad/go/pkg/mod/github.com/bmizerany/pat@v0.0.0-20210406213842-e4b6760bdd6f/mux.go:117 +0x191
main.secureHeaders.func1({0x675520, 0xc0001a80e0}, 0xc000184d80)
	C:/Users/MohammedRinshad/Documents/to_do_list/cmd/web/middleware.go:13 +0x19b
net/http.HandlerFunc.ServeHTTP(0xc000196060?, {0x675520?, 0xc0001a80e0?}, 0xc0001d7a60?)
	C:/Program Files/Go/src/net/http/server.go:2166 +0x29
main.(*application).logRequest-fm.(*application).logRequest.func1({0x675520, 0xc0001a80e0}, 0xc000184d80)
	C:/Users/MohammedRinshad/Documents/to_do_list/cmd/web/middleware.go:20 +0x150
net/http.HandlerFunc.ServeHTTP(0x191c7b?, {0x675520?, 0xc0001a80e0?}, 0xc0001d7b38?)
	C:/Program Files/Go/src/net/http/server.go:2166 +0x29
main.(*application).recoverPanic-fm.(*application).recoverPanic.func1({0x675520?, 0xc0001a80e0?}, 0x0?)
	C:/Users/MohammedRinshad/Documents/to_do_list/cmd/web/middleware.go:66 +0x7c
net/http.HandlerFunc.ServeHTTP(0x192025?, {0x675520?, 0xc0001a80e0?}, 0xc0001a8001?)
	C:/Program Files/Go/src/net/http/server.go:2166 +0x29
net/http.serverHandler.ServeHTTP({0x6743b8?}, {0x675520?, 0xc0001a80e0?}, 0x6?)
	C:/Program Files/Go/src/net/http/server.go:3137 +0x8e
net/http.(*conn).serve(0xc00011c120, {0x675d38, 0xc000144690})
	C:/Program Files/Go/src/net/http/server.go:2039 +0x5e8
created by net/http.(*Server).Serve in goroutine 1
	C:/Program Files/Go/src/net/http/server.go:3285 +0x4b4

ERROR	2024/06/06 20:06:27 helpers.go:14: 0

goroutine 18 [running]:
runtime/debug.Stack()
	C:/Program Files/Go/src/runtime/debug/stack.go:24 +0x5e
main.(*application).serverError(0xc0001d2900, {0x1355560, 0xc0002a40e0}, {0x1352e20?, 0xc00019ec60?})
	C:/Users/MohammedRinshad/Documents/to_do_list/cmd/web/helpers.go:13 +0x5d
main.(*application).recoverPanic-fm.(*application).recoverPanic.func1.1()
	C:/Users/MohammedRinshad/Documents/to_do_list/cmd/web/middleware.go:63 +0xd7
panic({0x1223a40?, 0xc00019ec40?})
	C:/Program Files/Go/src/runtime/panic.go:770 +0x132
log.Panicln({0xc000167720?, 0xc00029af66?, 0x6?})
	C:/Program Files/Go/src/log/log.go:446 +0x5a
main.(*application).loginUser(0xc0001d2900, {0x1355410, 0xc0001b3800}, 0xc0002b6000)
	C:/Users/MohammedRinshad/Documents/to_do_list/cmd/web/handlers.go:235 +0x1a5
net/http.HandlerFunc.ServeHTTP(0xc0001bbe60?, {0x1355410?, 0xc0001b3800?}, 0xf4c5f1?)
	C:/Program Files/Go/src/net/http/server.go:2166 +0x29
github.com/golangcollege/sessions.(*Session).Enable-fm.(*Session).Enable.func1({0x1355560, 0xc0002a40e0}, 0xc0001bbe60)
	C:/Users/MohammedRinshad/go/pkg/mod/github.com/golangcollege/sessions@v1.2.0/session.go:155 +0x14c
net/http.HandlerFunc.ServeHTTP(0xc0001d2ba0?, {0x1355560?, 0xc0002a40e0?}, 0x4?)
	C:/Program Files/Go/src/net/http/server.go:2166 +0x29
github.com/bmizerany/pat.(*PatternServeMux).ServeHTTP(0xc00019c408, {0x1355560, 0xc0002a40e0}, 0xc0001bbe60)
	C:/Users/MohammedRinshad/go/pkg/mod/github.com/bmizerany/pat@v0.0.0-20210406213842-e4b6760bdd6f/mux.go:117 +0x191
main.secureHeaders.func1({0x1355560, 0xc0002a40e0}, 0xc0001bbe60)
	C:/Users/MohammedRinshad/Documents/to_do_list/cmd/web/middleware.go:13 +0x19b
net/http.HandlerFunc.ServeHTTP(0xc0002970e0?, {0x1355560?, 0xc0002a40e0?}, 0xc000167a60?)
	C:/Program Files/Go/src/net/http/server.go:2166 +0x29
main.(*application).logRequest-fm.(*application).logRequest.func1({0x1355560, 0xc0002a40e0}, 0xc0001bbe60)
	C:/Users/MohammedRinshad/Documents/to_do_list/cmd/web/middleware.go:20 +0x150
net/http.HandlerFunc.ServeHTTP(0xe71c7b?, {0x1355560?, 0xc0002a40e0?}, 0xc000167b38?)
	C:/Program Files/Go/src/net/http/server.go:2166 +0x29
main.(*application).recoverPanic-fm.(*application).recoverPanic.func1({0x1355560?, 0xc0002a40e0?}, 0x0?)
	C:/Users/MohammedRinshad/Documents/to_do_list/cmd/web/middleware.go:66 +0x7c
net/http.HandlerFunc.ServeHTTP(0xe72025?, {0x1355560?, 0xc0002a40e0?}, 0xc0002a4001?)
	C:/Program Files/Go/src/net/http/server.go:2166 +0x29
net/http.serverHandler.ServeHTTP({0x13543f8?}, {0x1355560?, 0xc0002a40e0?}, 0x6?)
	C:/Program Files/Go/src/net/http/server.go:3137 +0x8e
net/http.(*conn).serve(0xc00018a090, {0x1355d78, 0xc0001d2ea0})
	C:/Program Files/Go/src/net/http/server.go:2039 +0x5e8
created by net/http.(*Server).Serve in goroutine 1
	C:/Program Files/Go/src/net/http/server.go:3285 +0x4b4

ERROR	2024/06/06 20:07:09 helpers.go:14: 0

goroutine 21 [running]:
runtime/debug.Stack()
	C:/Program Files/Go/src/runtime/debug/stack.go:24 +0x5e
main.(*application).serverError(0xc0001420f0, {0x1185560, 0xc0001ae000}, {0x1182e20?, 0xc00008bb30?})
	C:/Users/MohammedRinshad/Documents/to_do_list/cmd/web/helpers.go:13 +0x5d
main.(*application).recoverPanic-fm.(*application).recoverPanic.func1.1()
	C:/Users/MohammedRinshad/Documents/to_do_list/cmd/web/middleware.go:63 +0xd7
panic({0x1053a40?, 0xc00008bb10?})
	C:/Program Files/Go/src/runtime/panic.go:770 +0x132
log.Panicln({0xc000033720?, 0xc00009a866?, 0x6?})
	C:/Program Files/Go/src/log/log.go:446 +0x5a
main.(*application).loginUser(0xc0001420f0, {0x1185410, 0xc00013ea40}, 0xc000158240)
	C:/Users/MohammedRinshad/Documents/to_do_list/cmd/web/handlers.go:235 +0x1a5
net/http.HandlerFunc.ServeHTTP(0xc000158000?, {0x1185410?, 0xc00013ea40?}, 0x104dbe0?)
	C:/Program Files/Go/src/net/http/server.go:2166 +0x29
github.com/golangcollege/sessions.(*Session).Enable-fm.(*Session).Enable.func1({0x1185560, 0xc0001ae000}, 0xc000158000)
	C:/Users/MohammedRinshad/go/pkg/mod/github.com/golangcollege/sessions@v1.2.0/session.go:155 +0x14c
net/http.HandlerFunc.ServeHTTP(0xc000142390?, {0x1185560?, 0xc0001ae000?}, 0x4?)
	C:/Program Files/Go/src/net/http/server.go:2166 +0x29
github.com/bmizerany/pat.(*PatternServeMux).ServeHTTP(0xc000094768, {0x1185560, 0xc0001ae000}, 0xc000158000)
	C:/Users/MohammedRinshad/go/pkg/mod/github.com/bmizerany/pat@v0.0.0-20210406213842-e4b6760bdd6f/mux.go:117 +0x191
main.secureHeaders.func1({0x1185560, 0xc0001ae000}, 0xc000158000)
	C:/Users/MohammedRinshad/Documents/to_do_list/cmd/web/middleware.go:13 +0x19b
net/http.HandlerFunc.ServeHTTP(0xc000180000?, {0x1185560?, 0xc0001ae000?}, 0xc000033a60?)
	C:/Program Files/Go/src/net/http/server.go:2166 +0x29
main.(*application).logRequest-fm.(*application).logRequest.func1({0x1185560, 0xc0001ae000}, 0xc000158000)
	C:/Users/MohammedRinshad/Documents/to_do_list/cmd/web/middleware.go:20 +0x150
net/http.HandlerFunc.ServeHTTP(0xca1c7b?, {0x1185560?, 0xc0001ae000?}, 0xc000033b38?)
	C:/Program Files/Go/src/net/http/server.go:2166 +0x29
main.(*application).recoverPanic-fm.(*application).recoverPanic.func1({0x1185560?, 0xc0001ae000?}, 0x0?)
	C:/Users/MohammedRinshad/Documents/to_do_list/cmd/web/middleware.go:66 +0x7c
net/http.HandlerFunc.ServeHTTP(0xca2025?, {0x1185560?, 0xc0001ae000?}, 0xc0001ae001?)
	C:/Program Files/Go/src/net/http/server.go:2166 +0x29
net/http.serverHandler.ServeHTTP({0x11843f8?}, {0x1185560?, 0xc0001ae000?}, 0x6?)
	C:/Program Files/Go/src/net/http/server.go:3137 +0x8e
net/http.(*conn).serve(0xc00011c090, {0x1185d78, 0xc000142690})
	C:/Program Files/Go/src/net/http/server.go:2039 +0x5e8
created by net/http.(*Server).Serve in goroutine 1
	C:/Program Files/Go/src/net/http/server.go:3285 +0x4b4

ERROR	2024/06/06 20:07:18 helpers.go:14: 0

goroutine 22 [running]:
runtime/debug.Stack()
	C:/Program Files/Go/src/runtime/debug/stack.go:24 +0x5e
main.(*application).serverError(0xc0001420f0, {0x1185560, 0xc0001681c0}, {0x1182e20?, 0xc000290030?})
	C:/Users/MohammedRinshad/Documents/to_do_list/cmd/web/helpers.go:13 +0x5d
main.(*application).recoverPanic-fm.(*application).recoverPanic.func1.1()
	C:/Users/MohammedRinshad/Documents/to_do_list/cmd/web/middleware.go:63 +0xd7
panic({0x1053a40?, 0xc000290010?})
	C:/Program Files/Go/src/runtime/panic.go:770 +0x132
log.Panicln({0xc0001dd720?, 0xc00017ee06?, 0x6?})
	C:/Program Files/Go/src/log/log.go:446 +0x5a
main.(*application).loginUser(0xc0001420f0, {0x1185410, 0xc00013ed00}, 0xc0001586c0)
	C:/Users/MohammedRinshad/Documents/to_do_list/cmd/web/handlers.go:235 +0x1a5
net/http.HandlerFunc.ServeHTTP(0xc0001585a0?, {0x1185410?, 0xc00013ed00?}, 0xd7c5f1?)
	C:/Program Files/Go/src/net/http/server.go:2166 +0x29
github.com/golangcollege/sessions.(*Session).Enable-fm.(*Session).Enable.func1({0x1185560, 0xc0001681c0}, 0xc0001585a0)
	C:/Users/MohammedRinshad/go/pkg/mod/github.com/golangcollege/sessions@v1.2.0/session.go:155 +0x14c
net/http.HandlerFunc.ServeHTTP(0xc000142390?, {0x1185560?, 0xc0001681c0?}, 0x4?)
	C:/Program Files/Go/src/net/http/server.go:2166 +0x29
github.com/bmizerany/pat.(*PatternServeMux).ServeHTTP(0xc000094768, {0x1185560, 0xc0001681c0}, 0xc0001585a0)
	C:/Users/MohammedRinshad/go/pkg/mod/github.com/bmizerany/pat@v0.0.0-20210406213842-e4b6760bdd6f/mux.go:117 +0x191
main.secureHeaders.func1({0x1185560, 0xc0001681c0}, 0xc0001585a0)
	C:/Users/MohammedRinshad/Documents/to_do_list/cmd/web/middleware.go:13 +0x19b
net/http.HandlerFunc.ServeHTTP(0xc000280c78?, {0x1185560?, 0xc0001681c0?}, 0xc0001dda60?)
	C:/Program Files/Go/src/net/http/server.go:2166 +0x29
main.(*application).logRequest-fm.(*application).logRequest.func1({0x1185560, 0xc0001681c0}, 0xc0001585a0)
	C:/Users/MohammedRinshad/Documents/to_do_list/cmd/web/middleware.go:20 +0x150
net/http.HandlerFunc.ServeHTTP(0xca1c7b?, {0x1185560?, 0xc0001681c0?}, 0xc0001ddb38?)
	C:/Program Files/Go/src/net/http/server.go:2166 +0x29
main.(*application).recoverPanic-fm.(*application).recoverPanic.func1({0x1185560?, 0xc0001681c0?}, 0x0?)
	C:/Users/MohammedRinshad/Documents/to_do_list/cmd/web/middleware.go:66 +0x7c
net/http.HandlerFunc.ServeHTTP(0xca2025?, {0x1185560?, 0xc0001681c0?}, 0xc000168101?)
	C:/Program Files/Go/src/net/http/server.go:2166 +0x29
net/http.serverHandler.ServeHTTP({0x11843f8?}, {0x1185560?, 0xc0001681c0?}, 0x6?)
	C:/Program Files/Go/src/net/http/server.go:3137 +0x8e
net/http.(*conn).serve(0xc00011c120, {0x1185d78, 0xc000142690})
	C:/Program Files/Go/src/net/http/server.go:2039 +0x5e8
created by net/http.(*Server).Serve in goroutine 1
	C:/Program Files/Go/src/net/http/server.go:3285 +0x4b4

ERROR	2024/06/06 20:08:37 helpers.go:14: 4

goroutine 8 [running]:
runtime/debug.Stack()
	C:/Program Files/Go/src/runtime/debug/stack.go:24 +0x5e
main.(*application).serverError(0xc000180120, {0xbd5580, 0xc0002600e0}, {0xbd2e40?, 0xc0001b0ef0?})
	C:/Users/MohammedRinshad/Documents/to_do_list/cmd/web/helpers.go:13 +0x5d
main.(*application).recoverPanic-fm.(*application).recoverPanic.func1.1()
	C:/Users/MohammedRinshad/Documents/to_do_list/cmd/web/middleware.go:63 +0xd7
panic({0xaa3a40?, 0xc0001b0ed0?})
	C:/Program Files/Go/src/runtime/panic.go:770 +0x132
log.Panicln({0xc0001a7720?, 0xc000230bb0?, 0xd?})
	C:/Program Files/Go/src/log/log.go:446 +0x5a
main.(*application).loginUser(0xc000180120, {0xbd5430, 0xc000264280}, 0xc00024e360)
	C:/Users/MohammedRinshad/Documents/to_do_list/cmd/web/handlers.go:235 +0x1a5
net/http.HandlerFunc.ServeHTTP(0xc00024e240?, {0xbd5430?, 0xc000264280?}, 0x7cc5f1?)
	C:/Program Files/Go/src/net/http/server.go:2166 +0x29
github.com/golangcollege/sessions.(*Session).Enable-fm.(*Session).Enable.func1({0xbd5580, 0xc0002600e0}, 0xc00024e240)
	C:/Users/MohammedRinshad/go/pkg/mod/github.com/golangcollege/sessions@v1.2.0/session.go:155 +0x14c
net/http.HandlerFunc.ServeHTTP(0xc0001803c0?, {0xbd5580?, 0xc0002600e0?}, 0x4?)
	C:/Program Files/Go/src/net/http/server.go:2166 +0x29
github.com/bmizerany/pat.(*PatternServeMux).ServeHTTP(0xc000008780, {0xbd5580, 0xc0002600e0}, 0xc00024e240)
	C:/Users/MohammedRinshad/go/pkg/mod/github.com/bmizerany/pat@v0.0.0-20210406213842-e4b6760bdd6f/mux.go:117 +0x191
main.secureHeaders.func1({0xbd5580, 0xc0002600e0}, 0xc00024e240)
	C:/Users/MohammedRinshad/Documents/to_do_list/cmd/web/middleware.go:13 +0x19b
net/http.HandlerFunc.ServeHTTP(0xc0002332c0?, {0xbd5580?, 0xc0002600e0?}, 0xc0001a7a60?)
	C:/Program Files/Go/src/net/http/server.go:2166 +0x29
main.(*application).logRequest-fm.(*application).logRequest.func1({0xbd5580, 0xc0002600e0}, 0xc00024e240)
	C:/Users/MohammedRinshad/Documents/to_do_list/cmd/web/middleware.go:20 +0x150
net/http.HandlerFunc.ServeHTTP(0x6f1c7b?, {0xbd5580?, 0xc0002600e0?}, 0xc0001a7b38?)
	C:/Program Files/Go/src/net/http/server.go:2166 +0x29
main.(*application).recoverPanic-fm.(*application).recoverPanic.func1({0xbd5580?, 0xc0002600e0?}, 0x0?)
	C:/Users/MohammedRinshad/Documents/to_do_list/cmd/web/middleware.go:66 +0x7c
net/http.HandlerFunc.ServeHTTP(0x6f2025?, {0xbd5580?, 0xc0002600e0?}, 0xc000260001?)
	C:/Program Files/Go/src/net/http/server.go:2166 +0x29
net/http.serverHandler.ServeHTTP({0xbd4418?}, {0xbd5580?, 0xc0002600e0?}, 0x6?)
	C:/Program Files/Go/src/net/http/server.go:3137 +0x8e
net/http.(*conn).serve(0xc00015e090, {0xbd5d98, 0xc0001806c0})
	C:/Program Files/Go/src/net/http/server.go:2039 +0x5e8
created by net/http.(*Server).Serve in goroutine 1
	C:/Program Files/Go/src/net/http/server.go:3285 +0x4b4

ERROR	2024/06/06 20:10:41 helpers.go:14: models : invalid credentials

goroutine 18 [running]:
runtime/debug.Stack()
	C:/Program Files/Go/src/runtime/debug/stack.go:24 +0x5e
main.(*application).serverError(0xc0000da900, {0x885540, 0xc0000fe1c0}, {0x882e00?, 0xc0001e2320?})
	C:/Users/MohammedRinshad/Documents/to_do_list/cmd/web/helpers.go:13 +0x5d
main.(*application).recoverPanic-fm.(*application).recoverPanic.func1.1()
	C:/Users/MohammedRinshad/Documents/to_do_list/cmd/web/middleware.go:63 +0xd7
panic({0x753a40?, 0xc0001e2300?})
	C:/Program Files/Go/src/runtime/panic.go:770 +0x132
log.Panicln({0xc000193720?, 0xc00008d2a6?, 0x6?})
	C:/Program Files/Go/src/log/log.go:446 +0x5a
main.(*application).loginUser(0xc0000da900, {0x8853f0, 0xc0001e4040}, 0xc000195200)
	C:/Users/MohammedRinshad/Documents/to_do_list/cmd/web/handlers.go:235 +0x1a5
net/http.HandlerFunc.ServeHTTP(0xc0001950e0?, {0x8853f0?, 0xc0001e4040?}, 0x47c5f1?)
	C:/Program Files/Go/src/net/http/server.go:2166 +0x29
github.com/golangcollege/sessions.(*Session).Enable-fm.(*Session).Enable.func1({0x885540, 0xc0000fe1c0}, 0xc0001950e0)
	C:/Users/MohammedRinshad/go/pkg/mod/github.com/golangcollege/sessions@v1.2.0/session.go:155 +0x14c
net/http.HandlerFunc.ServeHTTP(0xc0000daba0?, {0x885540?, 0xc0000fe1c0?}, 0x4?)
	C:/Program Files/Go/src/net/http/server.go:2166 +0x29
github.com/bmizerany/pat.(*PatternServeMux).ServeHTTP(0xc0000a4408, {0x885540, 0xc0000fe1c0}, 0xc0001950e0)
	C:/Users/MohammedRinshad/go/pkg/mod/github.com/bmizerany/pat@v0.0.0-20210406213842-e4b6760bdd6f/mux.go:117 +0x191
main.secureHeaders.func1({0x885540, 0xc0000fe1c0}, 0xc0001950e0)
	C:/Users/MohammedRinshad/Documents/to_do_list/cmd/web/middleware.go:13 +0x19b
net/http.HandlerFunc.ServeHTTP(0xc00008abe8?, {0x885540?, 0xc0000fe1c0?}, 0xc000193a60?)
	C:/Program Files/Go/src/net/http/server.go:2166 +0x29
main.(*application).logRequest-fm.(*application).logRequest.func1({0x885540, 0xc0000fe1c0}, 0xc0001950e0)
	C:/Users/MohammedRinshad/Documents/to_do_list/cmd/web/middleware.go:20 +0x150
net/http.HandlerFunc.ServeHTTP(0x3a1c7b?, {0x885540?, 0xc0000fe1c0?}, 0xc000193b38?)
	C:/Program Files/Go/src/net/http/server.go:2166 +0x29
main.(*application).recoverPanic-fm.(*application).recoverPanic.func1({0x885540?, 0xc0000fe1c0?}, 0x0?)
	C:/Users/MohammedRinshad/Documents/to_do_list/cmd/web/middleware.go:66 +0x7c
net/http.HandlerFunc.ServeHTTP(0x3a2025?, {0x885540?, 0xc0000fe1c0?}, 0xc0000fe101?)
	C:/Program Files/Go/src/net/http/server.go:2166 +0x29
net/http.serverHandler.ServeHTTP({0x8843d8?}, {0x885540?, 0xc0000fe1c0?}, 0x6?)
	C:/Program Files/Go/src/net/http/server.go:3137 +0x8e
net/http.(*conn).serve(0xc000092090, {0x885d58, 0xc0000daea0})
	C:/Program Files/Go/src/net/http/server.go:2039 +0x5e8
created by net/http.(*Server).Serve in goroutine 1
	C:/Program Files/Go/src/net/http/server.go:3285 +0x4b4

ERROR	2024/06/06 20:11:36 helpers.go:14: <nil>

goroutine 34 [running]:
runtime/debug.Stack()
	C:/Program Files/Go/src/runtime/debug/stack.go:24 +0x5e
main.(*application).serverError(0xc0000da900, {0x885540, 0xc0001600e0}, {0x882e00?, 0xc0002cfa60?})
	C:/Users/MohammedRinshad/Documents/to_do_list/cmd/web/helpers.go:13 +0x5d
main.(*application).recoverPanic-fm.(*application).recoverPanic.func1.1()
	C:/Users/MohammedRinshad/Documents/to_do_list/cmd/web/middleware.go:63 +0xd7
panic({0x753a40?, 0xc0002cfa40?})
	C:/Program Files/Go/src/runtime/panic.go:770 +0x132
log.Panicln({0xc000315720?, 0xc00000a7d0?, 0xd?})
	C:/Program Files/Go/src/log/log.go:446 +0x5a
main.(*application).loginUser(0xc0000da900, {0x8853f0, 0xc000039300}, 0xc00012ea20)
	C:/Users/MohammedRinshad/Documents/to_do_list/cmd/web/handlers.go:235 +0x1a5
net/http.HandlerFunc.ServeHTTP(0xc00012e900?, {0x8853f0?, 0xc000039300?}, 0x47c5f1?)
	C:/Program Files/Go/src/net/http/server.go:2166 +0x29
github.com/golangcollege/sessions.(*Session).Enable-fm.(*Session).Enable.func1({0x885540, 0xc0001600e0}, 0xc00012e900)
	C:/Users/MohammedRinshad/go/pkg/mod/github.com/golangcollege/sessions@v1.2.0/session.go:155 +0x14c
net/http.HandlerFunc.ServeHTTP(0xc0000daba0?, {0x885540?, 0xc0001600e0?}, 0x4?)
	C:/Program Files/Go/src/net/http/server.go:2166 +0x29
github.com/bmizerany/pat.(*PatternServeMux).ServeHTTP(0xc0000a4408, {0x885540, 0xc0001600e0}, 0xc00012e900)
	C:/Users/MohammedRinshad/go/pkg/mod/github.com/bmizerany/pat@v0.0.0-20210406213842-e4b6760bdd6f/mux.go:117 +0x191
main.secureHeaders.func1({0x885540, 0xc0001600e0}, 0xc00012e900)
	C:/Users/MohammedRinshad/Documents/to_do_list/cmd/web/middleware.go:13 +0x19b
net/http.HandlerFunc.ServeHTTP(0xc0000184c8?, {0x885540?, 0xc0001600e0?}, 0xc000315a60?)
	C:/Program Files/Go/src/net/http/server.go:2166 +0x29
main.(*application).logRequest-fm.(*application).logRequest.func1({0x885540, 0xc0001600e0}, 0xc00012e900)
	C:/Users/MohammedRinshad/Documents/to_do_list/cmd/web/middleware.go:20 +0x150
net/http.HandlerFunc.ServeHTTP(0x3a1c7b?, {0x885540?, 0xc0001600e0?}, 0xc000315b38?)
	C:/Program Files/Go/src/net/http/server.go:2166 +0x29
main.(*application).recoverPanic-fm.(*application).recoverPanic.func1({0x885540?, 0xc0001600e0?}, 0x0?)
	C:/Users/MohammedRinshad/Documents/to_do_list/cmd/web/middleware.go:66 +0x7c
net/http.HandlerFunc.ServeHTTP(0x3a2025?, {0x885540?, 0xc0001600e0?}, 0xc000160001?)
	C:/Program Files/Go/src/net/http/server.go:2166 +0x29
net/http.serverHandler.ServeHTTP({0x8843d8?}, {0x885540?, 0xc0001600e0?}, 0x6?)
	C:/Program Files/Go/src/net/http/server.go:3137 +0x8e
net/http.(*conn).serve(0xc000208000, {0x885d58, 0xc0000daea0})
	C:/Program Files/Go/src/net/http/server.go:2039 +0x5e8
created by net/http.(*Server).Serve in goroutine 1
	C:/Program Files/Go/src/net/http/server.go:3285 +0x4b4

