INFO	2024/06/03 11:44:44 starting server on new :4000
il>} {map[] []} [] {{{0 0} 0 0 {{} 0} {{} 0}} map[] [] false}}
INFO	2024/06/03 10:33:05 starting server on :4000
INFO	2024/06/03 10:34:16 starting server on :4000
INFO	2024/06/03 11:45:53 starting server on new :4000
INFO	2024/06/03 12:14:53 starting server on new :4000
INFO	2024/06/03 12:21:39 starting server on new :4000
INFO	2024/06/03 12:23:32 starting server on new :4000
INFO	2024/06/03 12:25:26 starting server on new :4000
INFO	2024/06/03 12:25:58 starting server on new :4000
INFO	2024/06/03 12:30:03 starting server on new :4000
INFO	2024/06/03 14:13:37 starting server on new :4000
INFO	2024/06/03 14:20:09 starting server on new :4000
INFO	2024/06/04 10:19:03 starting server on new :4000
INFO	2024/06/04 10:57:24 starting server on new :4000
INFO	2024/06/04 11:46:05 starting server on new :4000
INFO	2024/06/04 11:50:19 starting server on new :4000
INFO	2024/06/04 11:52:27 starting server on new :4000
INFO	2024/06/04 11:54:08 starting server on new :4000
INFO	2024/06/04 12:47:31 starting server on new :4000
INFO	2024/06/04 14:18:29 starting server on new :4000
INFO	2024/06/04 14:41:21 starting server on new :4000
INFO	2024/06/04 14:43:13 starting server on new :4000
INFO	2024/06/04 14:44:04 starting server on new :4000
INFO	2024/06/04 15:23:15 starting server on new :4000
INFO	2024/06/04 15:24:42 starting server on new :4000
INFO	2024/06/04 15:26:50 starting server on new :4000
INFO	2024/06/04 15:30:00 starting server on new :4000
INFO	2024/06/04 15:31:19 starting server on new :4000
INFO	2024/06/04 15:32:54 starting server on new :4000
INFO	2024/06/04 15:34:36 starting server on new :4000
INFO	2024/06/04 15:37:24 starting server on new :4000
INFO	2024/06/04 15:37:54 starting server on new :4000
INFO	2024/06/04 15:40:11 starting server on new :4000
INFO	2024/06/04 15:40:53 starting server on new :4000
INFO	2024/06/04 15:41:27 starting server on new :4000
INFO	2024/06/04 15:43:18 starting server on new :4000
INFO	2024/06/04 16:01:40 starting server on new :4000
INFO	2024/06/04 16:35:25 starting server on new :4000
INFO	2024/06/04 16:37:13 starting server on new :4000
INFO	2024/06/04 17:54:01 starting server on new :4000
INFO	2024/06/05 10:12:09 starting server on new :4000
INFO	2024/06/05 10:53:54 starting server on new :4000
INFO	2024/06/05 10:56:40 starting server on new :4000
INFO	2024/06/05 11:26:59 starting server on new :4000
INFO	2024/06/05 11:27:13 [::1]:65330 - HTTP/1.1 GET /
INFO	2024/06/05 11:27:32 starting server on new :4000
INFO	2024/06/05 11:28:32 starting server on new :4000
INFO	2024/06/05 11:28:43 [::1]:65344 - HTTP/1.1 GET /
INFO	2024/06/05 11:28:43 [::1]:65344 - HTTP/1.1 GET /
INFO	2024/06/05 11:30:44 [::1]:65362 - HTTP/1.1 GET /
INFO	2024/06/05 11:30:44 [::1]:65362 - HTTP/1.1 GET /static/css/main.css
INFO	2024/06/05 11:30:56 [::1]:65362 - HTTP/1.1 GET /
INFO	2024/06/05 11:32:27 [::1]:65362 - HTTP/1.1 GET /
INFO	2024/06/05 11:32:30 [::1]:65362 - HTTP/1.1 GET /
INFO	2024/06/05 11:32:30 [::1]:65362 - HTTP/1.1 GET /
INFO	2024/06/05 11:32:31 [::1]:65362 - HTTP/1.1 GET /
INFO	2024/06/05 11:32:31 [::1]:65362 - HTTP/1.1 GET /
INFO	2024/06/05 11:32:31 [::1]:65362 - HTTP/1.1 GET /
INFO	2024/06/05 11:32:31 [::1]:65362 - HTTP/1.1 GET /
INFO	2024/06/05 11:32:31 [::1]:65362 - HTTP/1.1 GET /
INFO	2024/06/05 11:32:31 [::1]:65362 - HTTP/1.1 GET /
INFO	2024/06/05 11:32:32 [::1]:65362 - HTTP/1.1 GET /
INFO	2024/06/05 11:32:32 [::1]:65362 - HTTP/1.1 GET /
INFO	2024/06/05 11:32:32 [::1]:65362 - HTTP/1.1 GET /
INFO	2024/06/05 11:32:32 [::1]:65362 - HTTP/1.1 GET /
INFO	2024/06/05 11:32:32 [::1]:65362 - HTTP/1.1 GET /
INFO	2024/06/05 11:32:32 [::1]:65362 - HTTP/1.1 GET /
INFO	2024/06/05 11:32:33 [::1]:65362 - HTTP/1.1 GET /
INFO	2024/06/05 11:32:33 [::1]:65362 - HTTP/1.1 GET /
INFO	2024/06/05 11:32:33 [::1]:65362 - HTTP/1.1 GET /
INFO	2024/06/05 11:32:33 [::1]:65362 - HTTP/1.1 GET /
INFO	2024/06/05 11:32:33 [::1]:65362 - HTTP/1.1 GET /
INFO	2024/06/05 11:32:33 [::1]:65362 - HTTP/1.1 GET /
INFO	2024/06/05 11:32:34 [::1]:65362 - HTTP/1.1 GET /
INFO	2024/06/05 11:32:34 [::1]:65362 - HTTP/1.1 GET /
INFO	2024/06/05 11:32:34 [::1]:65362 - HTTP/1.1 GET /
INFO	2024/06/05 11:32:34 [::1]:65362 - HTTP/1.1 GET /
INFO	2024/06/05 11:32:34 [::1]:65362 - HTTP/1.1 GET /
INFO	2024/06/05 11:32:34 [::1]:65362 - HTTP/1.1 GET /
INFO	2024/06/05 11:33:41 [::1]:65344 - HTTP/1.1 GET /
INFO	2024/06/05 11:33:41 [::1]:65344 - HTTP/1.1 GET /
INFO	2024/06/05 11:33:41 [::1]:65344 - HTTP/1.1 GET /
INFO	2024/06/05 11:33:41 [::1]:65344 - HTTP/1.1 GET /
INFO	2024/06/05 11:33:42 [::1]:65344 - HTTP/1.1 GET /
INFO	2024/06/05 11:33:42 [::1]:65344 - HTTP/1.1 GET /
INFO	2024/06/05 11:33:42 [::1]:65344 - HTTP/1.1 GET /
INFO	2024/06/05 11:33:42 [::1]:65344 - HTTP/1.1 GET /
INFO	2024/06/05 11:33:42 [::1]:65344 - HTTP/1.1 GET /
INFO	2024/06/05 11:33:42 [::1]:65344 - HTTP/1.1 GET /
INFO	2024/06/05 11:34:22 starting server on new :4000
INFO	2024/06/05 11:34:33 [::1]:65432 - HTTP/1.1 GET /
INFO	2024/06/05 11:34:53 [::1]:65432 - HTTP/1.1 GET /
INFO	2024/06/05 11:34:57 [::1]:65432 - HTTP/1.1 GET /
INFO	2024/06/05 11:35:04 starting server on new :4000
INFO	2024/06/05 11:35:08 [::1]:65432 - HTTP/1.1 GET /
INFO	2024/06/05 11:35:26 [::1]:65432 - HTTP/1.1 GET /
INFO	2024/06/05 11:39:57 starting server on new :4000
INFO	2024/06/05 11:40:03 [::1]:65476 - HTTP/1.1 GET /
INFO	2024/06/05 11:40:17 starting server on new :4000
INFO	2024/06/05 11:40:20 [::1]:65476 - HTTP/1.1 GET /
INFO	2024/06/05 11:40:21 [::1]:65476 - HTTP/1.1 GET /
INFO	2024/06/05 11:40:22 [::1]:65476 - HTTP/1.1 GET /
INFO	2024/06/05 11:40:22 [::1]:65476 - HTTP/1.1 GET /
INFO	2024/06/05 11:40:22 [::1]:65476 - HTTP/1.1 GET /
INFO	2024/06/05 11:40:22 [::1]:65476 - HTTP/1.1 GET /
INFO	2024/06/05 11:42:00 starting server on new :4000
INFO	2024/06/05 11:42:15 [::1]:65509 - HTTP/1.1 GET /
INFO	2024/06/05 11:42:15 [::1]:65509 - HTTP/1.1 GET /static/css/main.css
INFO	2024/06/05 11:42:18 [::1]:65509 - HTTP/1.1 GET /
INFO	2024/06/05 11:42:18 [::1]:65509 - HTTP/1.1 GET /
INFO	2024/06/05 11:42:18 [::1]:65509 - HTTP/1.1 GET /
INFO	2024/06/05 11:42:18 [::1]:65509 - HTTP/1.1 GET /
INFO	2024/06/05 11:42:19 [::1]:65509 - HTTP/1.1 GET /
INFO	2024/06/05 11:42:19 [::1]:65509 - HTTP/1.1 GET /
INFO	2024/06/05 11:42:19 [::1]:65509 - HTTP/1.1 GET /
INFO	2024/06/05 11:42:19 [::1]:65509 - HTTP/1.1 GET /
INFO	2024/06/05 11:42:19 [::1]:65509 - HTTP/1.1 GET /
INFO	2024/06/05 11:43:24 [::1]:65509 - HTTP/1.1 POST /deleteTask
INFO	2024/06/05 11:43:24 [::1]:65509 - HTTP/1.1 GET /
INFO	2024/06/05 11:45:13 starting server on new :4000
INFO	2024/06/05 11:45:20 [::1]:65531 - HTTP/1.1 GET {}
INFO	2024/06/05 11:45:34 [::1]:65531 - HTTP/1.1 GET {}
INFO	2024/06/05 11:45:34 [::1]:65531 - HTTP/1.1 GET {}
INFO	2024/06/05 11:45:34 [::1]:65531 - HTTP/1.1 GET {}
INFO	2024/06/05 11:45:34 [::1]:65531 - HTTP/1.1 GET {}
INFO	2024/06/05 11:45:34 [::1]:65531 - HTTP/1.1 GET {}
INFO	2024/06/05 11:45:48 [::1]:65531 - HTTP/1.1 POST &{%!s(*io.LimitedReader=&{0xc000100120 5}) <nil> %!s(*bufio.Reader=<nil>) %!s(bool=false) %!s(bool=true) {%!s(int32=0) %!s(uint32=0)} %!s(bool=false) %!s(bool=false) %!s(bool=false) %!s(func()=0x12fd1a0)}
INFO	2024/06/05 11:45:48 [::1]:65531 - HTTP/1.1 GET {}
INFO	2024/06/05 11:48:17 starting server on new :4000
INFO	2024/06/05 11:48:24 [::1]:49170 - HTTP/1.1 GET /
INFO	2024/06/05 11:48:39 [::1]:49170 - HTTP/1.1 GET /
INFO	2024/06/05 11:48:39 [::1]:49170 - HTTP/1.1 GET /
INFO	2024/06/05 11:49:34 [::1]:49170 - HTTP/1.1 POST /deleteTask
INFO	2024/06/05 11:49:34 [::1]:49170 - HTTP/1.1 GET /
INFO	2024/06/05 11:51:09 starting server on new :4000
INFO	2024/06/05 11:51:18 [::1]:49197 - HTTP/1.1 GET /
INFO	2024/06/05 11:51:18 [::1]:49197 - HTTP/1.1 GET /static/css/main.css
INFO	2024/06/05 11:51:22 [::1]:49197 - HTTP/1.1 POST /addTask
INFO	2024/06/05 11:51:22 [::1]:49197 - HTTP/1.1 GET /
INFO	2024/06/05 11:51:24 [::1]:49197 - HTTP/1.1 POST /addTask
INFO	2024/06/05 11:51:24 [::1]:49197 - HTTP/1.1 GET /
INFO	2024/06/05 11:51:44 starting server on new :4000
INFO	2024/06/05 11:51:50 [::1]:49205 - HTTP/1.1 GET /
INFO	2024/06/05 11:52:37 starting server on new :4000
INFO	2024/06/05 11:52:44 [::1]:49213 - HTTP/1.1 GET /
INFO	2024/06/05 12:24:27 starting server on new :4000
INFO	2024/06/05 12:24:44 [::1]:49796 - HTTP/1.1 GET {}
INFO	2024/06/05 12:25:10 starting server on new :4000
INFO	2024/06/05 12:25:18 starting server on new :4000
INFO	2024/06/05 12:25:24 [::1]:49836 - HTTP/1.1 GET /
INFO	2024/06/05 13:01:30 starting server on new :4000
INFO	2024/06/05 13:01:51 [::1]:50124 - HTTP/1.1 HEAD /
INFO	2024/06/05 13:02:10 [::1]:50127 - HTTP/1.1 GET /
INFO	2024/06/05 14:17:18 starting server on new :4000
INFO	2024/06/05 14:19:07 [::1]:50435 - HTTP/1.1 GET /
INFO	2024/06/05 14:39:01 starting server on new :4000
INFO	2024/06/05 14:41:11 starting server on new :4000
INFO	2024/06/05 14:42:16 starting server on new :4000
INFO	2024/06/05 14:43:27 starting server on new :4000
INFO	2024/06/05 14:47:00 starting server on new :4000
INFO	2024/06/05 14:49:55 starting server on new :4000
INFO	2024/06/05 14:50:31 starting server on new :4000
INFO	2024/06/05 14:51:58 starting server on new :4000
INFO	2024/06/05 15:00:28 starting server on new :4000
INFO	2024/06/05 15:02:17 [::1]:51250 - HTTP/1.1 GET /
INFO	2024/06/05 15:03:27 [::1]:51264 - HTTP/1.1 GET /
INFO	2024/06/05 15:03:46 starting server on new :4000
INFO	2024/06/05 15:03:58 [::1]:51273 - HTTP/1.1 GET /
INFO	2024/06/05 15:32:14 starting server on new :4000
INFO	2024/06/05 15:32:44 [::1]:51655 - HTTP/1.1 GET /
INFO	2024/06/05 15:33:17 starting server on new :4000
INFO	2024/06/05 15:33:24 [::1]:51666 - HTTP/1.1 GET /
INFO	2024/06/05 16:29:44 starting server on new :4000
INFO	2024/06/05 16:29:51 [::1]:53639 - HTTP/1.1 GET /
INFO	2024/06/05 16:30:23 starting server on new :4000
INFO	2024/06/05 16:30:30 [::1]:53649 - HTTP/1.1 GET /
INFO	2024/06/05 16:31:07 [::1]:53649 - HTTP/1.1 POST /addTask
INFO	2024/06/05 16:31:07 [::1]:53649 - HTTP/1.1 GET /
INFO	2024/06/05 16:31:22 [::1]:53649 - HTTP/1.1 POST /deleteTask
INFO	2024/06/05 16:31:22 [::1]:53649 - HTTP/1.1 GET /
INFO	2024/06/05 16:31:33 [::1]:53649 - HTTP/1.1 POST /updateTask
INFO	2024/06/05 16:31:33 [::1]:53649 - HTTP/1.1 GET /
INFO	2024/06/05 17:53:12 starting server on new :4000
INFO	2024/06/05 17:53:21 [::1]:54228 - HTTP/1.1 GET /
INFO	2024/06/05 17:53:41 [::1]:54228 - HTTP/1.1 POST /addTask
INFO	2024/06/05 17:53:41 [::1]:54228 - HTTP/1.1 GET /31
INFO	2024/06/05 17:56:09 starting server on new :4000
INFO	2024/06/05 17:56:17 [::1]:54244 - HTTP/1.1 GET /
INFO	2024/06/05 17:56:20 [::1]:54244 - HTTP/1.1 POST /addTask
INFO	2024/06/05 17:56:20 [::1]:54244 - HTTP/1.1 GET /
INFO	2024/06/05 17:56:23 [::1]:54244 - HTTP/1.1 POST /deleteTask
INFO	2024/06/05 17:56:23 [::1]:54244 - HTTP/1.1 GET /
INFO	2024/06/05 17:56:26 [::1]:54244 - HTTP/1.1 POST /updateTask
INFO	2024/06/05 17:56:26 [::1]:54244 - HTTP/1.1 GET /
INFO	2024/06/05 18:08:09 starting server on new :4000
INFO	2024/06/05 18:08:20 [::1]:54272 - HTTP/1.1 POST /addTask
INFO	2024/06/05 18:08:30 [::1]:54272 - HTTP/1.1 POST /addTask
INFO	2024/06/05 18:08:30 [::1]:54272 - HTTP/1.1 GET /
INFO	2024/06/05 18:08:51 [::1]:54272 - HTTP/1.1 POST /addTask
INFO	2024/06/05 18:19:29 [::1]:54322 - HTTP/1.1 GET /
INFO	2024/06/05 18:19:31 [::1]:54322 - HTTP/1.1 POST /addTask
INFO	2024/06/05 18:19:54 [::1]:54322 - HTTP/1.1 POST /addTask
INFO	2024/06/05 18:36:23 [::1]:54481 - HTTP/1.1 POST /updateTask
INFO	2024/06/05 18:36:23 [::1]:54481 - HTTP/1.1 GET /
INFO	2024/06/05 18:37:59 starting server on new :4000
INFO	2024/06/05 18:38:05 [::1]:54504 - HTTP/1.1 POST /updateTask
INFO	2024/06/05 18:38:05 [::1]:54504 - HTTP/1.1 GET /
INFO	2024/06/05 18:38:06 [::1]:54504 - HTTP/1.1 POST /updateTask
INFO	2024/06/05 18:38:06 [::1]:54504 - HTTP/1.1 GET /
INFO	2024/06/05 18:38:08 [::1]:54504 - HTTP/1.1 POST /updateTask
INFO	2024/06/05 18:38:08 [::1]:54504 - HTTP/1.1 GET /
INFO	2024/06/05 18:40:35 starting server on new :4000
INFO	2024/06/05 18:40:40 [::1]:54533 - HTTP/1.1 POST /updateTask
INFO	2024/06/05 18:40:43 [::1]:54533 - HTTP/1.1 POST /updateTask
INFO	2024/06/05 18:40:45 [::1]:54533 - HTTP/1.1 POST /updateTask
INFO	2024/06/05 18:40:45 [::1]:54533 - HTTP/1.1 GET /
INFO	2024/06/05 18:40:48 [::1]:54533 - HTTP/1.1 POST /updateTask
INFO	2024/06/05 18:40:48 [::1]:54533 - HTTP/1.1 GET /
INFO	2024/06/05 19:01:49 starting server on new :4000
INFO	2024/06/05 19:01:54 [::1]:54696 - HTTP/1.1 GET /
INFO	2024/06/05 19:02:00 [::1]:54696 - HTTP/1.1 POST /addTask
INFO	2024/06/05 19:02:00 [::1]:54696 - HTTP/1.1 GET /
INFO	2024/06/05 19:02:07 [::1]:54696 - HTTP/1.1 POST /updateTask
INFO	2024/06/05 19:02:07 [::1]:54696 - HTTP/1.1 GET /
INFO	2024/06/05 19:02:10 [::1]:54696 - HTTP/1.1 POST /deleteTask
INFO	2024/06/05 19:02:10 [::1]:54696 - HTTP/1.1 GET /
INFO	2024/06/06 09:37:40 starting server on new :4000
INFO	2024/06/06 09:37:57 [::1]:55524 - HTTP/1.1 GET /
INFO	2024/06/06 09:43:30 starting server on new :4000
INFO	2024/06/06 09:43:41 [::1]:55549 - HTTP/1.1 GET /
INFO	2024/06/06 09:43:46 [::1]:55549 - HTTP/1.1 GET /
INFO	2024/06/06 09:44:48 starting server on new :4000
INFO	2024/06/06 09:45:02 [::1]:55557 - HTTP/1.1 GET /
INFO	2024/06/06 09:45:04 [::1]:55557 - HTTP/1.1 GET /
INFO	2024/06/06 09:45:09 [::1]:55557 - HTTP/1.1 GET /
INFO	2024/06/06 09:45:56 starting server on new :4000
INFO	2024/06/06 09:46:07 [::1]:55564 - HTTP/1.1 GET /
INFO	2024/06/06 09:46:08 [::1]:55564 - HTTP/1.1 GET /
INFO	2024/06/06 09:46:45 starting server on new :4000
INFO	2024/06/06 09:46:58 [::1]:55572 - HTTP/1.1 GET /
INFO	2024/06/06 09:48:16 starting server on new :4000
INFO	2024/06/06 09:48:26 [::1]:55580 - HTTP/1.1 GET /
INFO	2024/06/06 09:50:02 starting server on new :4000
INFO	2024/06/06 09:50:12 [::1]:55587 - HTTP/1.1 GET /
INFO	2024/06/06 09:52:37 starting server on new :4000
INFO	2024/06/06 09:52:48 [::1]:55598 - HTTP/1.1 GET /
INFO	2024/06/06 09:52:50 [::1]:55598 - HTTP/1.1 GET /
INFO	2024/06/06 09:52:58 [::1]:55598 - HTTP/1.1 GET /
INFO	2024/06/06 09:53:44 starting server on new :4000
INFO	2024/06/06 09:53:54 [::1]:55635 - HTTP/1.1 GET /
INFO	2024/06/06 09:57:13 [::1]:55635 - HTTP/1.1 GET /
INFO	2024/06/06 09:58:44 starting server on new :4000
INFO	2024/06/06 09:58:54 [::1]:55785 - HTTP/1.1 GET /
INFO	2024/06/06 10:00:53 starting server on new :4000
INFO	2024/06/06 10:01:03 [::1]:55849 - HTTP/1.1 GET /
INFO	2024/06/06 10:01:55 starting server on new :4000
INFO	2024/06/06 10:02:04 [::1]:55884 - HTTP/1.1 GET /
INFO	2024/06/06 10:02:04 [::1]:55884 - HTTP/1.1 GET /static/css/main.css
INFO	2024/06/06 10:03:04 starting server on new :4000
INFO	2024/06/06 10:03:10 [::1]:55923 - HTTP/1.1 GET /
INFO	2024/06/06 10:03:11 [::1]:55923 - HTTP/1.1 GET /
INFO	2024/06/06 10:03:13 [::1]:55923 - HTTP/1.1 GET /
INFO	2024/06/06 10:03:29 starting server on new :4000
INFO	2024/06/06 10:03:34 [::1]:55932 - HTTP/1.1 GET /
INFO	2024/06/06 10:03:39 [::1]:55932 - HTTP/1.1 POST /addTask
INFO	2024/06/06 10:03:39 [::1]:55932 - HTTP/1.1 GET /
INFO	2024/06/06 10:04:07 starting server on new :4000
INFO	2024/06/06 10:04:13 [::1]:55940 - HTTP/1.1 GET /
INFO	2024/06/06 10:04:17 [::1]:55940 - HTTP/1.1 POST /addTask
INFO	2024/06/06 10:04:17 [::1]:55940 - HTTP/1.1 GET /
INFO	2024/06/06 10:05:17 starting server on new :4000
INFO	2024/06/06 10:05:24 [::1]:55961 - HTTP/1.1 GET /
INFO	2024/06/06 10:05:30 [::1]:55961 - HTTP/1.1 GET /
INFO	2024/06/06 10:05:33 [::1]:55961 - HTTP/1.1 GET /
INFO	2024/06/06 10:05:38 [::1]:55961 - HTTP/1.1 POST /addTask
INFO	2024/06/06 10:05:38 [::1]:55961 - HTTP/1.1 GET /
INFO	2024/06/06 10:06:20 starting server on new :4000
INFO	2024/06/06 10:06:25 [::1]:55970 - HTTP/1.1 GET /
INFO	2024/06/06 10:06:29 [::1]:55970 - HTTP/1.1 GET /
INFO	2024/06/06 10:06:34 [::1]:55970 - HTTP/1.1 POST /addTask
INFO	2024/06/06 10:06:34 [::1]:55970 - HTTP/1.1 GET /
INFO	2024/06/06 10:07:19 [::1]:55970 - HTTP/1.1 POST /deleteTask
INFO	2024/06/06 10:07:19 [::1]:55970 - HTTP/1.1 GET /
INFO	2024/06/06 10:07:21 [::1]:55970 - HTTP/1.1 POST /deleteTask
INFO	2024/06/06 10:07:21 [::1]:55970 - HTTP/1.1 GET /
INFO	2024/06/06 10:07:21 [::1]:55970 - HTTP/1.1 POST /deleteTask
INFO	2024/06/06 10:07:22 [::1]:55970 - HTTP/1.1 GET /
INFO	2024/06/06 10:07:22 [::1]:55970 - HTTP/1.1 POST /deleteTask
INFO	2024/06/06 10:07:22 [::1]:55970 - HTTP/1.1 GET /
INFO	2024/06/06 10:07:23 [::1]:55970 - HTTP/1.1 POST /deleteTask
INFO	2024/06/06 10:07:23 [::1]:55970 - HTTP/1.1 GET /
INFO	2024/06/06 10:07:24 [::1]:55970 - HTTP/1.1 POST /deleteTask
INFO	2024/06/06 10:07:24 [::1]:55970 - HTTP/1.1 GET /
INFO	2024/06/06 10:07:24 [::1]:55970 - HTTP/1.1 POST /deleteTask
INFO	2024/06/06 10:07:24 [::1]:55970 - HTTP/1.1 GET /
INFO	2024/06/06 10:07:25 [::1]:55970 - HTTP/1.1 POST /deleteTask
INFO	2024/06/06 10:07:25 [::1]:55970 - HTTP/1.1 GET /
INFO	2024/06/06 10:07:28 [::1]:55970 - HTTP/1.1 GET /
INFO	2024/06/06 10:07:32 [::1]:55970 - HTTP/1.1 POST /addTask
INFO	2024/06/06 10:07:32 [::1]:55970 - HTTP/1.1 GET /
INFO	2024/06/06 10:08:51 starting server on new :4000
INFO	2024/06/06 10:08:59 [::1]:56021 - HTTP/1.1 GET /
INFO	2024/06/06 10:09:03 [::1]:56021 - HTTP/1.1 POST /addTask
INFO	2024/06/06 10:09:07 [::1]:56021 - HTTP/1.1 POST /addTask
INFO	2024/06/06 10:09:07 [::1]:56021 - HTTP/1.1 GET /
INFO	2024/06/06 10:09:41 [::1]:56021 - HTTP/1.1 GET /
INFO	2024/06/06 10:10:40 starting server on new :4000
INFO	2024/06/06 10:10:40 [::1]:56045 - HTTP/1.1 GET /
INFO	2024/06/06 10:10:50 [::1]:56045 - HTTP/1.1 GET /
INFO	2024/06/06 10:10:54 [::1]:56045 - HTTP/1.1 GET /showTask?id=1
INFO	2024/06/06 10:11:07 [::1]:56045 - HTTP/1.1 GET /showTask?id=1
INFO	2024/06/06 10:11:40 starting server on new :4000
INFO	2024/06/06 10:11:52 [::1]:56059 - HTTP/1.1 GET /
INFO	2024/06/06 10:11:56 [::1]:56059 - HTTP/1.1 POST /addTask
INFO	2024/06/06 10:11:56 [::1]:56059 - HTTP/1.1 GET /
INFO	2024/06/06 10:29:53 [::1]:56170 - HTTP/1.1 GET /
INFO	2024/06/06 10:30:02 [::1]:56170 - HTTP/1.1 POST /updateTask
INFO	2024/06/06 10:34:24 starting server on new :4000
INFO	2024/06/06 10:34:36 [::1]:56225 - HTTP/1.1 GET /
INFO	2024/06/06 10:34:41 [::1]:56225 - HTTP/1.1 POST /updateTask
INFO	2024/06/06 10:34:41 [::1]:56225 - HTTP/1.1 GET /
INFO	2024/06/06 10:34:46 [::1]:56225 - HTTP/1.1 POST /deleteTask
INFO	2024/06/06 10:34:46 [::1]:56225 - HTTP/1.1 GET /
INFO	2024/06/06 10:41:59 starting server on new :4000
INFO	2024/06/06 10:42:22 [::1]:56298 - HTTP/1.1 GET /
INFO	2024/06/06 10:42:35 [::1]:56298 - HTTP/1.1 POST /addTask
INFO	2024/06/06 10:42:35 [::1]:56298 - HTTP/1.1 GET /
INFO	2024/06/06 10:45:30 [::1]:56298 - HTTP/1.1 GET /
INFO	2024/06/06 10:45:35 [::1]:56298 - HTTP/1.1 POST /addTask
INFO	2024/06/06 10:45:35 [::1]:56298 - HTTP/1.1 GET /
INFO	2024/06/06 10:47:06 starting server on new :4000
INFO	2024/06/06 10:47:13 [::1]:56330 - HTTP/1.1 GET /
INFO	2024/06/06 10:47:16 [::1]:56330 - HTTP/1.1 POST /addTask
INFO	2024/06/06 10:47:16 [::1]:56330 - HTTP/1.1 GET /
INFO	2024/06/06 10:48:59 starting server on new :4000
INFO	2024/06/06 10:49:07 [::1]:56348 - HTTP/1.1 POST /deleteTask
INFO	2024/06/06 10:49:07 [::1]:56348 - HTTP/1.1 GET /
INFO	2024/06/06 10:49:10 [::1]:56348 - HTTP/1.1 POST /deleteTask
INFO	2024/06/06 10:49:10 [::1]:56348 - HTTP/1.1 GET /
INFO	2024/06/06 10:49:13 [::1]:56348 - HTTP/1.1 POST /addTask
INFO	2024/06/06 10:49:13 [::1]:56348 - HTTP/1.1 GET /
INFO	2024/06/06 10:50:00 [::1]:56348 - HTTP/1.1 POST /addTask
INFO	2024/06/06 10:50:04 [::1]:56348 - HTTP/1.1 POST /addTask
INFO	2024/06/06 10:50:04 [::1]:56348 - HTTP/1.1 GET /
INFO	2024/06/06 10:51:13 starting server on new :4000
INFO	2024/06/06 10:51:21 [::1]:56387 - HTTP/1.1 GET /
INFO	2024/06/06 10:51:26 [::1]:56387 - HTTP/1.1 POST /addTask
INFO	2024/06/06 10:51:26 [::1]:56387 - HTTP/1.1 GET /
INFO	2024/06/06 10:53:08 starting server on new :4000
INFO	2024/06/06 10:53:08 [::1]:56449 - HTTP/1.1 GET /
INFO	2024/06/06 10:53:16 [::1]:56449 - HTTP/1.1 GET /
INFO	2024/06/06 10:53:20 [::1]:56449 - HTTP/1.1 POST /addTask
INFO	2024/06/06 10:53:20 [::1]:56449 - HTTP/1.1 GET /
INFO	2024/06/06 10:54:33 starting server on new :4000
INFO	2024/06/06 10:54:46 [::1]:56510 - HTTP/1.1 GET /
INFO	2024/06/06 10:54:59 [::1]:56510 - HTTP/1.1 GET /
INFO	2024/06/06 10:56:16 [::1]:56510 - HTTP/1.1 GET /
INFO	2024/06/06 10:56:16 [::1]:56510 - HTTP/1.1 GET /static/css/main.css
INFO	2024/06/06 10:56:27 [::1]:56510 - HTTP/1.1 POST /addTask
INFO	2024/06/06 10:56:28 [::1]:56510 - HTTP/1.1 GET /
INFO	2024/06/06 10:56:28 [::1]:56510 - HTTP/1.1 GET /static/css/main.css
INFO	2024/06/06 10:58:15 starting server on new :4000
INFO	2024/06/06 10:58:27 [::1]:56674 - HTTP/1.1 GET /
INFO	2024/06/06 10:58:27 [::1]:56674 - HTTP/1.1 GET /static/css/main.css
INFO	2024/06/06 10:58:31 [::1]:56674 - HTTP/1.1 POST /deleteTask
INFO	2024/06/06 10:58:31 [::1]:56674 - HTTP/1.1 GET /
INFO	2024/06/06 10:58:31 [::1]:56674 - HTTP/1.1 GET /static/css/main.css
INFO	2024/06/06 10:58:45 [::1]:56674 - HTTP/1.1 GET /static/css/main.css
INFO	2024/06/06 10:58:52 [::1]:56674 - HTTP/1.1 GET /
INFO	2024/06/06 10:58:52 [::1]:56674 - HTTP/1.1 GET /static/css/main.css
INFO	2024/06/06 11:02:58 [::1]:56674 - HTTP/1.1 POST /deleteTask
INFO	2024/06/06 11:02:58 [::1]:56674 - HTTP/1.1 GET /
INFO	2024/06/06 11:02:58 [::1]:56674 - HTTP/1.1 GET /static/css/main.css
INFO	2024/06/06 11:03:10 [::1]:56674 - HTTP/1.1 POST /updateTask
INFO	2024/06/06 11:03:10 [::1]:56674 - HTTP/1.1 GET /
INFO	2024/06/06 12:15:31 starting server on new :4000
INFO	2024/06/06 12:15:48 starting server on new :4000
INFO	2024/06/06 12:15:54 [::1]:57308 - HTTP/1.1 GET /
INFO	2024/06/06 12:15:54 [::1]:57308 - HTTP/1.1 GET /static/css/main.css
INFO	2024/06/06 12:16:28 [::1]:57308 - HTTP/1.1 POST /user/logout
INFO	2024/06/06 12:16:30 [::1]:57308 - HTTP/1.1 GET /user/login
INFO	2024/06/06 12:16:31 [::1]:57308 - HTTP/1.1 GET /user/signup
INFO	2024/06/06 12:16:33 [::1]:57308 - HTTP/1.1 GET /snippet/create
INFO	2024/06/06 12:16:35 [::1]:57308 - HTTP/1.1 GET /
INFO	2024/06/06 12:17:53 starting server on new :4000
INFO	2024/06/06 12:17:58 [::1]:57335 - HTTP/1.1 GET /
INFO	2024/06/06 12:18:00 [::1]:57335 - HTTP/1.1 GET /
INFO	2024/06/06 12:18:03 [::1]:57335 - HTTP/1.1 GET /login
INFO	2024/06/06 12:18:05 [::1]:57335 - HTTP/1.1 GET /signup
INFO	2024/06/06 12:18:07 [::1]:57335 - HTTP/1.1 GET /addTask
INFO	2024/06/06 12:18:09 [::1]:57335 - HTTP/1.1 GET /
INFO	2024/06/06 12:18:10 [::1]:57335 - HTTP/1.1 GET /
INFO	2024/06/06 12:18:10 [::1]:57335 - HTTP/1.1 GET /
INFO	2024/06/06 12:18:10 [::1]:57335 - HTTP/1.1 GET /
INFO	2024/06/06 12:18:11 [::1]:57335 - HTTP/1.1 POST /logout
INFO	2024/06/06 12:18:29 starting server on new :4000
INFO	2024/06/06 12:18:42 [::1]:57344 - HTTP/1.1 GET /
INFO	2024/06/06 12:19:44 starting server on new :4000
INFO	2024/06/06 12:19:50 [::1]:57358 - HTTP/1.1 GET /
INFO	2024/06/06 12:20:03 [::1]:57358 - HTTP/1.1 GET /
INFO	2024/06/06 12:20:03 [::1]:57358 - HTTP/1.1 GET /static/css/main.css
INFO	2024/06/06 12:20:32 [::1]:57358 - HTTP/1.1 GET /login
INFO	2024/06/06 12:20:33 [::1]:57358 - HTTP/1.1 POST /logout
INFO	2024/06/06 12:20:35 [::1]:57358 - HTTP/1.1 GET /signup
INFO	2024/06/06 12:20:36 [::1]:57358 - HTTP/1.1 GET /
INFO	2024/06/06 12:20:36 [::1]:57358 - HTTP/1.1 GET /static/css/main.css
INFO	2024/06/06 14:32:58 starting server on new :4000
INFO	2024/06/06 14:33:06 [::1]:58195 - HTTP/1.1 GET /
INFO	2024/06/06 14:33:06 [::1]:58195 - HTTP/1.1 GET /static/css/main.css
INFO	2024/06/06 14:33:10 [::1]:58195 - HTTP/1.1 POST /addTask
INFO	2024/06/06 14:33:10 [::1]:58195 - HTTP/1.1 GET /
INFO	2024/06/06 14:33:14 [::1]:58195 - HTTP/1.1 POST /deleteTask
INFO	2024/06/06 14:33:14 [::1]:58195 - HTTP/1.1 GET /
INFO	2024/06/06 14:33:18 [::1]:58195 - HTTP/1.1 POST /deleteTask
INFO	2024/06/06 14:33:18 [::1]:58195 - HTTP/1.1 GET /
INFO	2024/06/06 14:33:23 [::1]:58195 - HTTP/1.1 GET /signup
INFO	2024/06/06 14:33:25 [::1]:58195 - HTTP/1.1 GET /login
INFO	2024/06/06 14:33:26 [::1]:58195 - HTTP/1.1 POST /logout
INFO	2024/06/06 14:33:27 [::1]:58195 - HTTP/1.1 GET /
INFO	2024/06/06 14:51:28 starting server on new :4000
INFO	2024/06/06 14:51:36 [::1]:58357 - HTTP/1.1 GET /
INFO	2024/06/06 14:51:36 [::1]:58357 - HTTP/1.1 GET /static/css/main.css
INFO	2024/06/06 15:32:30 starting server on new :4000
INFO	2024/06/06 15:33:20 starting server on new :4000
INFO	2024/06/06 15:33:27 [::1]:58802 - HTTP/1.1 GET /
INFO	2024/06/06 15:33:27 [::1]:58802 - HTTP/1.1 GET /static/css/main.css
INFO	2024/06/06 15:33:30 [::1]:58802 - HTTP/1.1 GET /signup
INFO	2024/06/06 15:33:35 [::1]:58802 - HTTP/1.1 GET /signup
INFO	2024/06/06 15:41:04 [::1]:58860 - HTTP/1.1 GET /signup
INFO	2024/06/06 15:42:27 [::1]:58860 - HTTP/1.1 GET /signup
INFO	2024/06/06 15:47:29 [::1]:59051 - HTTP/1.1 GET /signup
INFO	2024/06/06 15:48:33 starting server on new :4000
INFO	2024/06/06 15:48:56 [::1]:59102 - HTTP/1.1 GET /
INFO	2024/06/06 15:48:56 [::1]:59102 - HTTP/1.1 GET /static/css/main.css
INFO	2024/06/06 15:48:58 [::1]:59102 - HTTP/1.1 GET /signup
INFO	2024/06/06 15:48:58 [::1]:59102 - HTTP/1.1 GET /static/css/main.css
INFO	2024/06/06 15:49:11 [::1]:59102 - HTTP/1.1 GET /signup
INFO	2024/06/06 15:49:11 [::1]:59102 - HTTP/1.1 GET /static/css/main.css
INFO	2024/06/06 15:50:11 [::1]:59102 - HTTP/1.1 GET /
INFO	2024/06/06 15:50:11 [::1]:59102 - HTTP/1.1 GET /static/css/main.css
INFO	2024/06/06 15:50:13 [::1]:59102 - HTTP/1.1 GET /signup
INFO	2024/06/06 15:50:13 [::1]:59102 - HTTP/1.1 GET /static/css/main.css
INFO	2024/06/06 15:51:33 starting server on new :4000
INFO	2024/06/06 15:51:44 [::1]:59202 - HTTP/1.1 GET /
INFO	2024/06/06 15:51:44 [::1]:59202 - HTTP/1.1 GET /static/css/main.css
INFO	2024/06/06 15:51:46 [::1]:59202 - HTTP/1.1 GET /signup
INFO	2024/06/06 15:52:40 starting server on new :4000
INFO	2024/06/06 15:52:48 [::1]:59243 - HTTP/1.1 GET /
INFO	2024/06/06 15:52:48 [::1]:59243 - HTTP/1.1 GET /static/css/main.css
INFO	2024/06/06 15:52:49 [::1]:59243 - HTTP/1.1 GET /signup
INFO	2024/06/06 15:53:40 starting server on new :4000
INFO	2024/06/06 15:53:47 [::1]:59286 - HTTP/1.1 GET /
INFO	2024/06/06 15:53:47 [::1]:59286 - HTTP/1.1 GET /static/css/main.css
INFO	2024/06/06 15:53:49 [::1]:59286 - HTTP/1.1 GET /signup
INFO	2024/06/06 15:54:34 starting server on new :4000
INFO	2024/06/06 15:54:42 [::1]:59320 - HTTP/1.1 GET /
INFO	2024/06/06 15:54:43 [::1]:59320 - HTTP/1.1 GET /static/css/main.css
INFO	2024/06/06 15:54:44 [::1]:59320 - HTTP/1.1 GET /signup
INFO	2024/06/06 15:57:12 starting server on new :4000
INFO	2024/06/06 15:57:18 [::1]:59404 - HTTP/1.1 GET /
INFO	2024/06/06 15:59:18 starting server on new :4000
INFO	2024/06/06 15:59:27 [::1]:59473 - HTTP/1.1 GET /
INFO	2024/06/06 16:00:50 starting server on new :4000
INFO	2024/06/06 16:01:00 [::1]:59521 - HTTP/1.1 GET /
INFO	2024/06/06 16:01:31 starting server on new :4000
INFO	2024/06/06 16:01:40 [::1]:59546 - HTTP/1.1 GET /
INFO	2024/06/06 16:01:40 [::1]:59546 - HTTP/1.1 GET /static/css/main.css
INFO	2024/06/06 16:05:22 starting server on new :4000
INFO	2024/06/06 16:05:30 [::1]:59660 - HTTP/1.1 GET /
INFO	2024/06/06 16:05:33 [::1]:59660 - HTTP/1.1 GET /
INFO	2024/06/06 16:07:19 starting server on new :4000
INFO	2024/06/06 16:07:26 [::1]:59719 - HTTP/1.1 GET /
INFO	2024/06/06 16:13:10 starting server on new :4000
INFO	2024/06/06 16:13:19 [::1]:59888 - HTTP/1.1 GET /
INFO	2024/06/06 16:13:20 [::1]:59888 - HTTP/1.1 GET /
INFO	2024/06/06 16:16:15 starting server on new :4000
INFO	2024/06/06 16:16:24 [::1]:60053 - HTTP/1.1 GET /
INFO	2024/06/06 16:16:26 [::1]:60053 - HTTP/1.1 GET /
INFO	2024/06/06 16:16:43 [::1]:60053 - HTTP/1.1 GET /signup
INFO	2024/06/06 16:16:43 [::1]:60053 - HTTP/1.1 GET /static/css/main.css
INFO	2024/06/06 16:17:39 starting server on new :4000
INFO	2024/06/06 16:17:49 [::1]:60101 - HTTP/1.1 GET /
INFO	2024/06/06 16:17:49 [::1]:60101 - HTTP/1.1 GET /static/css/main.css
INFO	2024/06/06 16:18:32 [::1]:60101 - HTTP/1.1 GET /signup
INFO	2024/06/06 16:18:38 [::1]:60101 - HTTP/1.1 GET /
INFO	2024/06/06 16:18:40 [::1]:60101 - HTTP/1.1 GET /signup
INFO	2024/06/06 16:19:08 starting server on new :4000
INFO	2024/06/06 16:19:15 [::1]:60112 - HTTP/1.1 GET /signup
INFO	2024/06/06 16:19:17 [::1]:60112 - HTTP/1.1 GET /
INFO	2024/06/06 16:19:19 [::1]:60112 - HTTP/1.1 GET /signup
INFO	2024/06/06 16:19:22 [::1]:60112 - HTTP/1.1 GET /
INFO	2024/06/06 16:19:23 [::1]:60112 - HTTP/1.1 GET /signup
INFO	2024/06/06 16:19:24 [::1]:60112 - HTTP/1.1 GET /
